<?xml version="1.0" encoding="UTF-8"?>
<!-- Generated by org.testng.reporters.JUnitXMLReporter -->
<testsuite hostname="DESKTOP-3HB8IKU" ignored="0" name="SaveReportToExcel" tests="3" failures="1" timestamp="03 Oct 2019 07:49:45 GMT" time="17.834" errors="0">
  <testcase name="LaunchWebsite" time="7.651" classname="com.techbeamers.testng.SaveReportToExcel"/>
  <testcase name="FillLoginDetails" time="6.206" classname="com.techbeamers.testng.SaveReportToExcel"/>
  <testcase name="DoLogin" time="0.058" classname="com.techbeamers.testng.SaveReportToExcel">
    <failure type="java.lang.AssertionError">
      <![CDATA[java.lang.AssertionError
at org.junit.Assert.fail(Assert.java:86)
at org.junit.Assert.assertTrue(Assert.java:41)
at org.junit.Assert.assertTrue(Assert.java:52)
at com.techbeamers.testng.SaveReportToExcel.DoLogin(SaveReportToExcel.java:94)
... Removed 25 stack frames]]>
    </failure>
  </testcase> <!-- DoLogin -->
</testsuite> <!-- SaveReportToExcel -->
